<?xml version="1.0" encoding="UTF-8"?>
<!-- Generated by org.testng.reporters.JUnitReportReporter -->
<testsuite skipped="0" hostname="DESKTOP-08J39R4" name="com.prestashop.tests.PrestaShopAutomation" tests="4" failures="0" timestamp="24 Jun 2018 23:07:21 GMT" time="7.299" errors="0">
  <testcase name="blankEmail" time="2.189" classname="com.prestashop.tests.PrestaShopAutomation"/>
  <testcase name="blankPassword" time="1.815" classname="com.prestashop.tests.PrestaShopAutomation"/>
  <testcase name="wrongCredentials" time="1.803" classname="com.prestashop.tests.PrestaShopAutomation"/>
  <testcase name="invalidEmail" time="1.492" classname="com.prestashop.tests.PrestaShopAutomation"/>
</testsuite> <!-- com.prestashop.tests.PrestaShopAutomation -->
