<?xml version="1.0" encoding="UTF-8"?>
<!-- Generated by org.testng.reporters.JUnitReportReporter -->
<testsuite skipped="0" hostname="DESKTOP-08J39R4" name="com.prestashop.tests.PrestaShopAutomationPositive" tests="1" failures="0" timestamp="24 Jun 2018 23:06:16 GMT" time="7.473" errors="0">
  <testcase name="register" time="7.473" classname="com.prestashop.tests.PrestaShopAutomationPositive"/>
</testsuite> <!-- com.prestashop.tests.PrestaShopAutomationPositive -->
